#-----------------------------------------------------------
# Vivado v2018.2 (64-bit)
# SW Build 2258646 on Thu Jun 14 20:03:12 MDT 2018
# IP Build 2256618 on Thu Jun 14 22:10:49 MDT 2018
# Start of session at: Wed Nov 14 21:30:45 2018
# Process ID: 22536
# Current directory: D:/vivado/Projects/lab_6_traffic_light_controller_state_machine
# Command line: vivado.exe -gui_launcher_event rodinguilauncherevent16444 D:\vivado\Projects\lab_6_traffic_light_controller_state_machine\lab_6.xpr
# Log file: D:/vivado/Projects/lab_6_traffic_light_controller_state_machine/vivado.log
# Journal file: D:/vivado/Projects/lab_6_traffic_light_controller_state_machine\vivado.jou
#-----------------------------------------------------------
start_gui
open_project D:/vivado/Projects/lab_6_traffic_light_controller_state_machine/lab_6.xpr
INFO: [Project 1-313] Project file moved from 'D:/vivado/Projects/lab_6' since last save.
Scanning sources...
Finished scanning sources
INFO: [IP_Flow 19-234] Refreshing IP repositories
INFO: [IP_Flow 19-1704] No user IP repositories specified
INFO: [IP_Flow 19-2313] Loaded Vivado IP repository 'D:/vivado/Vivado/2018.2/data/ip'.
open_project: Time (s): cpu = 00:00:18 ; elapsed = 00:00:10 . Memory (MB): peak = 861.652 ; gain = 143.051
update_compile_order -fileset sources_1
exit
INFO: [Common 17-206] Exiting Vivado at Wed Nov 14 21:55:08 2018...
