#-----------------------------------------------------------
# Vivado v2018.2 (64-bit)
# SW Build 2258646 on Thu Jun 14 20:03:12 MDT 2018
# IP Build 2256618 on Thu Jun 14 22:10:49 MDT 2018
# Start of session at: Fri Nov  9 16:14:13 2018
# Process ID: 55276
# Current directory: D:/vivado/Projects/lab_9_XADC/XADC
# Command line: vivado.exe -gui_launcher_event rodinguilauncherevent65532 D:\vivado\Projects\lab_9_XADC\XADC\Basys-3-XADC.xpr
# Log file: D:/vivado/Projects/lab_9_XADC/XADC/vivado.log
# Journal file: D:/vivado/Projects/lab_9_XADC/XADC\vivado.jou
#-----------------------------------------------------------
start_gui
open_project D:/vivado/Projects/lab_9_XADC/XADC/Basys-3-XADC.xpr
Scanning sources...
Finished scanning sources
WARNING: [filemgmt 56-3] IP Repository Path: Could not find the directory 'D:/vivado/repo'.
INFO: [IP_Flow 19-234] Refreshing IP repositories
WARNING: [IP_Flow 19-2248] Failed to load user IP repository 'd:/vivado/repo'; Can't find the specified path.
If this directory should no longer be in your list of user repositories, go to the IP Settings dialog and remove it.
INFO: [IP_Flow 19-2313] Loaded Vivado IP repository 'D:/vivado/Vivado/2018.2/data/ip'.
open_project: Time (s): cpu = 00:00:21 ; elapsed = 00:00:10 . Memory (MB): peak = 831.410 ; gain = 129.980
update_compile_order -fileset sources_1
exit
INFO: [Common 17-206] Exiting Vivado at Fri Nov  9 16:16:18 2018...
