#-----------------------------------------------------------
# Vivado v2018.2 (64-bit)
# SW Build 2258646 on Thu Jun 14 20:03:12 MDT 2018
# IP Build 2256618 on Thu Jun 14 22:10:49 MDT 2018
# Start of session at: Tue Oct 30 15:21:56 2018
# Process ID: 104036
# Current directory: D:/vivado/Projects/lab_9_XADC/XADC
# Command line: vivado.exe -gui_launcher_event rodinguilauncherevent100720 D:\vivado\Projects\lab_9_XADC\XADC\Basys-3-XADC.xpr
# Log file: D:/vivado/Projects/lab_9_XADC/XADC/vivado.log
# Journal file: D:/vivado/Projects/lab_9_XADC/XADC\vivado.jou
#-----------------------------------------------------------
start_gui
open_project D:/vivado/Projects/lab_9_XADC/XADC/Basys-3-XADC.xpr
INFO: [Project 1-313] Project file moved from 'C:/Teaching_Materials/CEE-325 Fall 2018/Source/Basys-3-XADC/D2L/XADC' since last save.
Scanning sources...
Finished scanning sources
WARNING: [filemgmt 56-2] IP Repository Path: Could not find the directory 'D:/vivado/repo', nor could it be found using path 'C:/Teaching_Materials/CEE-325 Fall 2018/Source/repo'.
INFO: [IP_Flow 19-234] Refreshing IP repositories
WARNING: [IP_Flow 19-2248] Failed to load user IP repository 'd:/vivado/repo'; Can't find the specified path.
If this directory should no longer be in your list of user repositories, go to the IP Settings dialog and remove it.
INFO: [IP_Flow 19-2313] Loaded Vivado IP repository 'D:/vivado/Vivado/2018.2/data/ip'.
open_project: Time (s): cpu = 00:00:16 ; elapsed = 00:00:08 . Memory (MB): peak = 850.230 ; gain = 132.832
update_compile_order -fileset sources_1
INFO: [Device 21-403] Loading part xc7a35tcpg236-1
create_ip -name xadc_wiz -vendor xilinx.com -library ip -version 3.3 -module_name xadc_wiz_2 -dir d:/vivado/Projects/lab_9_XADC/XADC/Basys-3-XADC.srcs/sources_1/ip
set_property -dict [list CONFIG.Component_Name {xadc_wiz_2} CONFIG.XADC_STARUP_SELECTION {channel_sequencer} CONFIG.ENABLE_RESET {false} CONFIG.OT_ALARM {false} CONFIG.USER_TEMP_ALARM {false} CONFIG.VCCINT_ALARM {false} CONFIG.VCCAUX_ALARM {false} CONFIG.CHANNEL_ENABLE_VAUXP6_VAUXN6 {true} CONFIG.CHANNEL_ENABLE_VAUXP7_VAUXN7 {true} CONFIG.CHANNEL_ENABLE_VAUXP14_VAUXN14 {true} CONFIG.CHANNEL_ENABLE_VAUXP15_VAUXN15 {true} CONFIG.SEQUENCER_MODE {Continuous} CONFIG.EXTERNAL_MUX_CHANNEL {VP_VN} CONFIG.SINGLE_CHANNEL_SELECTION {TEMPERATURE} CONFIG.CHANNEL_ENABLE_VP_VN {true}] [get_ips xadc_wiz_2]
WARNING: [Vivado 12-3523] Attempt to change 'Component_Name' from 'xadc_wiz_2' to 'xadc_wiz_2' is not allowed and is ignored.
generate_target {instantiation_template} [get_files d:/vivado/Projects/lab_9_XADC/XADC/Basys-3-XADC.srcs/sources_1/ip/xadc_wiz_2/xadc_wiz_2.xci]
INFO: [IP_Flow 19-1686] Generating 'Instantiation Template' target for IP 'xadc_wiz_2'...
generate_target all [get_files  d:/vivado/Projects/lab_9_XADC/XADC/Basys-3-XADC.srcs/sources_1/ip/xadc_wiz_2/xadc_wiz_2.xci]
INFO: [IP_Flow 19-1686] Generating 'Synthesis' target for IP 'xadc_wiz_2'...
INFO: [IP_Flow 19-1686] Generating 'Simulation' target for IP 'xadc_wiz_2'...
INFO: [IP_Flow 19-1686] Generating 'Miscellaneous' target for IP 'xadc_wiz_2'...
INFO: [IP_Flow 19-1686] Generating 'Change Log' target for IP 'xadc_wiz_2'...
catch { config_ip_cache -export [get_ips -all xadc_wiz_2] }
export_ip_user_files -of_objects [get_files d:/vivado/Projects/lab_9_XADC/XADC/Basys-3-XADC.srcs/sources_1/ip/xadc_wiz_2/xadc_wiz_2.xci] -no_script -sync -force -quiet
create_ip_run [get_files -of_objects [get_fileset sources_1] d:/vivado/Projects/lab_9_XADC/XADC/Basys-3-XADC.srcs/sources_1/ip/xadc_wiz_2/xadc_wiz_2.xci]
launch_runs -jobs 2 xadc_wiz_2_synth_1
[Tue Oct 30 15:33:39 2018] Launched xadc_wiz_2_synth_1...
Run output will be captured here: D:/vivado/Projects/lab_9_XADC/XADC/Basys-3-XADC.runs/xadc_wiz_2_synth_1/runme.log
export_simulation -of_objects [get_files d:/vivado/Projects/lab_9_XADC/XADC/Basys-3-XADC.srcs/sources_1/ip/xadc_wiz_2/xadc_wiz_2.xci] -directory D:/vivado/Projects/lab_9_XADC/XADC/Basys-3-XADC.ip_user_files/sim_scripts -ip_user_files_dir D:/vivado/Projects/lab_9_XADC/XADC/Basys-3-XADC.ip_user_files -ipstatic_source_dir D:/vivado/Projects/lab_9_XADC/XADC/Basys-3-XADC.ip_user_files/ipstatic -lib_map_path [list {modelsim=D:/vivado/Projects/lab_9_XADC/XADC/Basys-3-XADC.cache/compile_simlib/modelsim} {questa=D:/vivado/Projects/lab_9_XADC/XADC/Basys-3-XADC.cache/compile_simlib/questa} {riviera=D:/vivado/Projects/lab_9_XADC/XADC/Basys-3-XADC.cache/compile_simlib/riviera} {activehdl=D:/vivado/Projects/lab_9_XADC/XADC/Basys-3-XADC.cache/compile_simlib/activehdl}] -use_ip_compiled_libs -force -quiet
reset_run synth_1
launch_runs synth_1 -jobs 2
[Tue Oct 30 15:36:47 2018] Launched synth_1...
Run output will be captured here: D:/vivado/Projects/lab_9_XADC/XADC/Basys-3-XADC.runs/synth_1/runme.log
launch_runs impl_1 -jobs 2
[Tue Oct 30 15:37:41 2018] Launched impl_1...
Run output will be captured here: D:/vivado/Projects/lab_9_XADC/XADC/Basys-3-XADC.runs/impl_1/runme.log
open_run impl_1
INFO: [Netlist 29-17] Analyzing 22 Unisim elements for replacement
INFO: [Netlist 29-28] Unisim Transformation completed in 0 CPU seconds
INFO: [Project 1-479] Netlist was created with Vivado 2018.2
INFO: [Project 1-570] Preparing netlist for logic optimization
INFO: [Timing 38-478] Restoring timing data from binary archive.
INFO: [Timing 38-479] Binary timing data restore complete.
INFO: [Project 1-856] Restoring constraints from binary archive.
INFO: [Project 1-853] Binary constraint restore complete.
Reading XDEF placement.
Reading placer database...
Reading XDEF routing.
Read XDEF File: Time (s): cpu = 00:00:00 ; elapsed = 00:00:00.064 . Memory (MB): peak = 1786.016 ; gain = 0.000
Restored from archive | CPU: 0.000000 secs | Memory: 0.000000 MB |
Finished XDEF File Restore: Time (s): cpu = 00:00:00 ; elapsed = 00:00:00.065 . Memory (MB): peak = 1786.016 ; gain = 0.000
INFO: [Project 1-111] Unisim Transformation Summary:
No Unisim elements were transformed.

open_run: Time (s): cpu = 00:00:30 ; elapsed = 00:00:24 . Memory (MB): peak = 1854.691 ; gain = 699.492
launch_runs impl_1 -to_step write_bitstream -jobs 2
[Tue Oct 30 15:40:51 2018] Launched impl_1...
Run output will be captured here: D:/vivado/Projects/lab_9_XADC/XADC/Basys-3-XADC.runs/impl_1/runme.log
exit
INFO: [Common 17-206] Exiting Vivado at Tue Oct 30 16:36:46 2018...
