#-----------------------------------------------------------
# Vivado v2018.2 (64-bit)
# SW Build 2258646 on Thu Jun 14 20:03:12 MDT 2018
# IP Build 2256618 on Thu Jun 14 22:10:49 MDT 2018
# Start of session at: Thu Oct 18 13:59:40 2018
# Process ID: 20392
# Current directory: D:/vivado/Projects/lab_2/exam_1_review
# Command line: vivado.exe -gui_launcher_event rodinguilauncherevent17288 D:\vivado\Projects\lab_2\exam_1_review\exam_1_review.xpr
# Log file: D:/vivado/Projects/lab_2/exam_1_review/vivado.log
# Journal file: D:/vivado/Projects/lab_2/exam_1_review\vivado.jou
#-----------------------------------------------------------
start_gui
open_project D:/vivado/Projects/lab_2/exam_1_review/exam_1_review.xpr
Scanning sources...
Finished scanning sources
INFO: [IP_Flow 19-234] Refreshing IP repositories
INFO: [IP_Flow 19-1704] No user IP repositories specified
INFO: [IP_Flow 19-2313] Loaded Vivado IP repository 'D:/vivado/Vivado/2018.2/data/ip'.
open_project: Time (s): cpu = 00:00:15 ; elapsed = 00:00:08 . Memory (MB): peak = 786.703 ; gain = 97.438
update_compile_order -fileset sources_1
exit
INFO: [Common 17-206] Exiting Vivado at Thu Oct 18 14:22:01 2018...
