#-----------------------------------------------------------
# Vivado v2018.2 (64-bit)
# SW Build 2258646 on Thu Jun 14 20:03:12 MDT 2018
# IP Build 2256618 on Thu Jun 14 22:10:49 MDT 2018
# Start of session at: Tue Oct  9 15:11:53 2018
# Process ID: 70988
# Current directory: D:/vivado/Projects/lab_5
# Command line: vivado.exe -gui_launcher_event rodinguilauncherevent28112 D:\vivado\Projects\lab_5\lab_5.xpr
# Log file: D:/vivado/Projects/lab_5/vivado.log
# Journal file: D:/vivado/Projects/lab_5\vivado.jou
#-----------------------------------------------------------
start_gui
open_project D:/vivado/Projects/lab_5/lab_5.xpr
Scanning sources...
Finished scanning sources
INFO: [IP_Flow 19-234] Refreshing IP repositories
INFO: [IP_Flow 19-1704] No user IP repositories specified
INFO: [IP_Flow 19-2313] Loaded Vivado IP repository 'D:/vivado/Vivado/2018.2/data/ip'.
open_project: Time (s): cpu = 00:00:18 ; elapsed = 00:00:09 . Memory (MB): peak = 885.563 ; gain = 187.406
update_compile_order -fileset sources_1
exit
INFO: [Common 17-206] Exiting Vivado at Tue Oct  9 15:22:14 2018...
