Copyright 1986-2018 Xilinx, Inc. All Rights Reserved.
-----------------------------------------------------------------------------------------------
| Tool Version : Vivado v.2018.2 (win64) Build 2258646 Thu Jun 14 20:03:12 MDT 2018
| Date         : Tue Nov 27 15:54:11 2018
| Host         : C-1062E59EF5CD running 64-bit major release  (build 9200)
| Command      : report_control_sets -verbose -file audio_volume_meter_control_sets_placed.rpt
| Design       : audio_volume_meter
| Device       : xc7a35t
-----------------------------------------------------------------------------------------------

Control Set Information

Table of Contents
-----------------
1. Summary
2. Histogram
3. Flip-Flop Distribution
4. Detailed Control Set Information

1. Summary
----------

+----------------------------------------------------------+-------+
|                          Status                          | Count |
+----------------------------------------------------------+-------+
| Number of unique control sets                            |    13 |
| Unused register locations in slices containing registers |    68 |
+----------------------------------------------------------+-------+


2. Histogram
------------

+--------+--------------+
| Fanout | Control Sets |
+--------+--------------+
|      2 |            9 |
|      8 |            1 |
|     10 |            1 |
|    16+ |            2 |
+--------+--------------+


3. Flip-Flop Distribution
-------------------------

+--------------+-----------------------+------------------------+-----------------+--------------+
| Clock Enable | Synchronous Set/Reset | Asynchronous Set/Reset | Total Registers | Total Slices |
+--------------+-----------------------+------------------------+-----------------+--------------+
| No           | No                    | No                     |               0 |            0 |
| No           | No                    | Yes                    |              38 |            8 |
| No           | Yes                   | No                     |               0 |            0 |
| Yes          | No                    | No                     |               0 |            0 |
| Yes          | No                    | Yes                    |              38 |            9 |
| Yes          | Yes                   | No                     |              16 |            8 |
+--------------+-----------------------+------------------------+-----------------+--------------+


4. Detailed Control Set Information
-----------------------------------

+-----------------+------------------------+------------------+------------------+----------------+
|   Clock Signal  |      Enable Signal     | Set/Reset Signal | Slice Load Count | Bel Load Count |
+-----------------+------------------------+------------------+------------------+----------------+
|  sclk_OBUF_BUFG | a2/CS_i_1_n_0          | reset_IBUF       |                1 |              2 |
|  sclk_OBUF_BUFG | a2/E[0]                | a2/SR[5]         |                1 |              2 |
|  sclk_OBUF_BUFG | a2/E[0]                | a2/SR[6]         |                1 |              2 |
|  sclk_OBUF_BUFG | a2/E[0]                | a2/SR[2]         |                1 |              2 |
|  sclk_OBUF_BUFG | a2/E[0]                | a2/SR[1]         |                1 |              2 |
|  sclk_OBUF_BUFG | a2/E[0]                | a2/SR[0]         |                1 |              2 |
|  sclk_OBUF_BUFG | a2/E[0]                | a2/SR[3]         |                1 |              2 |
|  sclk_OBUF_BUFG | a2/E[0]                | a2/SR[4]         |                1 |              2 |
|  sclk_OBUF_BUFG | a2/E[0]                | a2/SR[7]         |                1 |              2 |
|  clk_IBUF_BUFG  |                        | reset_IBUF       |                1 |              8 |
|  sclk_OBUF_BUFG | a2/cnt[4]_i_1_n_0      | reset_IBUF       |                3 |             10 |
|  sclk_OBUF_BUFG | a2/digital[11]_i_1_n_0 | reset_IBUF       |                5 |             26 |
|  sclk_OBUF_BUFG |                        | reset_IBUF       |                7 |             30 |
+-----------------+------------------------+------------------+------------------+----------------+


