#-----------------------------------------------------------
# Vivado v2018.2 (64-bit)
# SW Build 2258646 on Thu Jun 14 20:03:12 MDT 2018
# IP Build 2256618 on Thu Jun 14 22:10:49 MDT 2018
# Start of session at: Thu Sep 27 15:25:54 2018
# Process ID: 48760
# Current directory: D:/vivado/Projects/lab_4
# Command line: vivado.exe -gui_launcher_event rodinguilauncherevent13164 D:\vivado\Projects\lab_4\lab_4.xpr
# Log file: D:/vivado/Projects/lab_4/vivado.log
# Journal file: D:/vivado/Projects/lab_4\vivado.jou
#-----------------------------------------------------------
start_gui
open_project D:/vivado/Projects/lab_4/lab_4.xpr
Scanning sources...
Finished scanning sources
INFO: [IP_Flow 19-234] Refreshing IP repositories
INFO: [IP_Flow 19-1704] No user IP repositories specified
INFO: [IP_Flow 19-2313] Loaded Vivado IP repository 'D:/vivado/Vivado/2018.2/data/ip'.
open_project: Time (s): cpu = 00:00:17 ; elapsed = 00:00:09 . Memory (MB): peak = 858.293 ; gain = 153.906
update_compile_order -fileset sources_1
exit
INFO: [Common 17-206] Exiting Vivado at Thu Sep 27 15:27:52 2018...
